2020-09-24 15:05:06.385 [main] DEBUG com.TomorrowLand.o2o.dao.ShopDao.insertShop - ==>  Preparing: INSERT INTO tb_shop(owner_id, area_id, shop_category_id, shop_name, shop_desc, shop_addr, phone, shop_img, priority, create_time, last_edit_time, enable_status, advice) VALUES (?,?,?,?, ?,?,?,?,?, ?,?, ?,?) 
2020-09-24 15:05:06.426 [main] DEBUG com.TomorrowLand.o2o.dao.ShopDao.insertShop - ==> Parameters: 1(Long), 2(Integer), 1(Long), Test Store 1(String), test 1(String), test 1(String), 123(String), null, null, 2020-09-24 15:05:06.359(Timestamp), 2020-09-24 15:05:06.359(Timestamp), 0(Integer), pending(String)
2020-09-24 15:05:06.452 [main] DEBUG com.TomorrowLand.o2o.dao.ShopDao.insertShop - <==    Updates: 1
2020-09-24 15:05:06.469 [main] DEBUG com.TomorrowLand.o2o.util.ImageUtil - current relativeAddr is :/upload/images/item/shop/2/2020092415050691002.jpg
2020-09-24 15:05:06.470 [main] DEBUG com.TomorrowLand.o2o.util.ImageUtil - current complete addr is :/Users/xiangzuo/Desktop/JavaSpringBootProject/Image/upload/images/item/shop/2/2020092415050691002.jpg
2020-09-24 15:05:06.470 [main] DEBUG com.TomorrowLand.o2o.util.ImageUtil - basePath is :/Users/xiangzuo/Desktop/JavaSpringBootProject/o2o/target/test-classes/
2020-09-24 15:11:13.993 [main] DEBUG com.TomorrowLand.o2o.dao.ShopDao.insertShop - ==>  Preparing: INSERT INTO tb_shop(owner_id, area_id, shop_category_id, shop_name, shop_desc, shop_addr, phone, shop_img, priority, create_time, last_edit_time, enable_status, advice) VALUES (?,?,?,?, ?,?,?,?,?, ?,?, ?,?) 
2020-09-24 15:11:14.030 [main] DEBUG com.TomorrowLand.o2o.dao.ShopDao.insertShop - ==> Parameters: 1(Long), 2(Integer), 1(Long), Test Store 1(String), test 1(String), test 1(String), 123(String), null, null, 2020-09-24 15:11:13.97(Timestamp), 2020-09-24 15:11:13.97(Timestamp), 0(Integer), pending(String)
2020-09-24 15:11:14.032 [main] DEBUG com.TomorrowLand.o2o.dao.ShopDao.insertShop - <==    Updates: 1
2020-09-24 15:11:14.050 [main] DEBUG com.TomorrowLand.o2o.util.ImageUtil - current relativeAddr is :/upload/images/item/shop/3/2020092415111445629.jpg
2020-09-24 15:11:14.050 [main] DEBUG com.TomorrowLand.o2o.util.ImageUtil - current complete addr is :/Users/xiangzuo/Desktop/JavaSpringBootProject/Image/upload/images/item/shop/3/2020092415111445629.jpg
2020-09-24 15:11:14.050 [main] DEBUG com.TomorrowLand.o2o.util.ImageUtil - basePath is :/Users/xiangzuo/Desktop/JavaSpringBootProject/o2o/target/test-classes/
2020-09-24 15:14:06.563 [main] DEBUG com.TomorrowLand.o2o.dao.ShopDao.insertShop - ==>  Preparing: INSERT INTO tb_shop(owner_id, area_id, shop_category_id, shop_name, shop_desc, shop_addr, phone, shop_img, priority, create_time, last_edit_time, enable_status, advice) VALUES (?,?,?,?, ?,?,?,?,?, ?,?, ?,?) 
2020-09-24 15:14:06.596 [main] DEBUG com.TomorrowLand.o2o.dao.ShopDao.insertShop - ==> Parameters: 1(Long), 2(Integer), 1(Long), Test Store 1(String), test 1(String), test 1(String), 123(String), null, null, 2020-09-24 15:14:06.544(Timestamp), 2020-09-24 15:14:06.544(Timestamp), 0(Integer), pending(String)
2020-09-24 15:14:06.599 [main] DEBUG com.TomorrowLand.o2o.dao.ShopDao.insertShop - <==    Updates: 1
2020-09-24 15:14:06.615 [main] DEBUG com.TomorrowLand.o2o.util.ImageUtil - current relativeAddr is :/upload/images/item/shop/4/2020092415140621934.jpg
2020-09-24 15:14:06.615 [main] DEBUG com.TomorrowLand.o2o.util.ImageUtil - current complete addr is :/Users/xiangzuo/Desktop/JavaSpringBootProject/Image/upload/images/item/shop/4/2020092415140621934.jpg
2020-09-24 15:14:06.615 [main] DEBUG com.TomorrowLand.o2o.util.ImageUtil - basePath is :/Users/xiangzuo/Desktop/JavaSpringBootProject/o2o/target/test-classes/
2020-09-24 15:14:07.051 [main] DEBUG com.TomorrowLand.o2o.dao.ShopDao.updateShop - ==>  Preparing: update tb_shop SET shop_name=?, shop_desc=?, shop_addr=?, phone=?, shop_img=?, last_edit_time=?, enable_status=?, advice=?, area_id=?, shop_category_id=? where shop_id=? 
2020-09-24 15:14:07.052 [main] DEBUG com.TomorrowLand.o2o.dao.ShopDao.updateShop - ==> Parameters: Test Store 1(String), test 1(String), test 1(String), 123(String), /upload/images/item/shop/4/2020092415140621934.jpg(String), 2020-09-24 15:14:06.544(Timestamp), 0(Integer), pending(String), 2(Integer), 1(Long), 4(Long)
2020-09-24 15:14:07.063 [main] DEBUG com.TomorrowLand.o2o.dao.ShopDao.updateShop - <==    Updates: 1
2020-09-24 15:15:17.909 [main] DEBUG com.TomorrowLand.o2o.dao.ShopDao.insertShop - ==>  Preparing: INSERT INTO tb_shop(owner_id, area_id, shop_category_id, shop_name, shop_desc, shop_addr, phone, shop_img, priority, create_time, last_edit_time, enable_status, advice) VALUES (?,?,?,?, ?,?,?,?,?, ?,?, ?,?) 
2020-09-24 15:15:17.944 [main] DEBUG com.TomorrowLand.o2o.dao.ShopDao.insertShop - ==> Parameters: 1(Long), 2(Integer), 1(Long), Test Store 1(String), test 1(String), test 1(String), 123(String), null, null, 2020-09-24 15:15:17.889(Timestamp), 2020-09-24 15:15:17.889(Timestamp), 0(Integer), pending(String)
2020-09-24 15:15:17.946 [main] DEBUG com.TomorrowLand.o2o.dao.ShopDao.insertShop - <==    Updates: 1
2020-09-24 15:15:17.962 [main] DEBUG com.TomorrowLand.o2o.util.ImageUtil - current relativeAddr is :/upload/images/item/shop/5/2020092415151790807.jpg
2020-09-24 15:15:17.962 [main] DEBUG com.TomorrowLand.o2o.util.ImageUtil - current complete addr is :/Users/xiangzuo/Desktop/JavaSpringBootProject/Image/upload/images/item/shop/5/2020092415151790807.jpg
2020-09-24 15:15:17.962 [main] DEBUG com.TomorrowLand.o2o.util.ImageUtil - basePath is :/Users/xiangzuo/Desktop/JavaSpringBootProject/o2o/target/test-classes/
2020-09-24 15:15:18.365 [main] DEBUG com.TomorrowLand.o2o.dao.ShopDao.updateShop - ==>  Preparing: update tb_shop SET shop_name=?, shop_desc=?, shop_addr=?, phone=?, shop_img=?, last_edit_time=?, enable_status=?, advice=?, area_id=?, shop_category_id=? where shop_id=? 
2020-09-24 15:15:18.366 [main] DEBUG com.TomorrowLand.o2o.dao.ShopDao.updateShop - ==> Parameters: Test Store 1(String), test 1(String), test 1(String), 123(String), /upload/images/item/shop/5/2020092415151790807.jpg(String), 2020-09-24 15:15:17.889(Timestamp), 0(Integer), pending(String), 2(Integer), 1(Long), 5(Long)
2020-09-24 15:15:18.367 [main] DEBUG com.TomorrowLand.o2o.dao.ShopDao.updateShop - <==    Updates: 1
